Determining if the pthread_create exist failed with the following output:
Change Dir: /home/neo/catkin_ws/src/face_recognition/build/CMakeFiles/CMakeTmp

Run Build Command:/usr/bin/make "cmTryCompileExec3418028498/fast"
make[1]: entrant dans le répertoire « /home/neo/catkin_ws/src/face_recognition/build/CMakeFiles/CMakeTmp »
/usr/bin/make -f CMakeFiles/cmTryCompileExec3418028498.dir/build.make CMakeFiles/cmTryCompileExec3418028498.dir/build
make[2]: entrant dans le répertoire « /home/neo/catkin_ws/src/face_recognition/build/CMakeFiles/CMakeTmp »
/usr/bin/cmake -E cmake_progress_report /home/neo/catkin_ws/src/face_recognition/build/CMakeFiles/CMakeTmp/CMakeFiles 1
Building C object CMakeFiles/cmTryCompileExec3418028498.dir/CheckSymbolExists.c.o
/usr/bin/cc    -o CMakeFiles/cmTryCompileExec3418028498.dir/CheckSymbolExists.c.o   -c /home/neo/catkin_ws/src/face_recognition/build/CMakeFiles/CMakeTmp/CheckSymbolExists.c
Linking C executable cmTryCompileExec3418028498
/usr/bin/cmake -E cmake_link_script CMakeFiles/cmTryCompileExec3418028498.dir/link.txt --verbose=1
/usr/bin/cc       CMakeFiles/cmTryCompileExec3418028498.dir/CheckSymbolExists.c.o  -o cmTryCompileExec3418028498 -rdynamic 
CMakeFiles/cmTryCompileExec3418028498.dir/CheckSymbolExists.c.o: dans la fonction « main »:
CheckSymbolExists.c:(.text+0x16): référence indéfinie vers « pthread_create »
collect2: error: ld returned 1 exit status
make[2]: quittant le répertoire « /home/neo/catkin_ws/src/face_recognition/build/CMakeFiles/CMakeTmp »
make[2]: *** [cmTryCompileExec3418028498] Erreur 1
make[1]: *** [cmTryCompileExec3418028498/fast] Erreur 2
make[1]: quittant le répertoire « /home/neo/catkin_ws/src/face_recognition/build/CMakeFiles/CMakeTmp »

File /home/neo/catkin_ws/src/face_recognition/build/CMakeFiles/CMakeTmp/CheckSymbolExists.c:
/* */
#include <pthread.h>

int main(int argc, char** argv)
{
  (void)argv;
#ifndef pthread_create
  return ((int*)(&pthread_create))[argc];
#else
  (void)argc;
  return 0;
#endif
}

Determining if the function pthread_create exists in the pthreads failed with the following output:
Change Dir: /home/neo/catkin_ws/src/face_recognition/build/CMakeFiles/CMakeTmp

Run Build Command:/usr/bin/make "cmTryCompileExec3398180396/fast"
make[1]: entrant dans le répertoire « /home/neo/catkin_ws/src/face_recognition/build/CMakeFiles/CMakeTmp »
/usr/bin/make -f CMakeFiles/cmTryCompileExec3398180396.dir/build.make CMakeFiles/cmTryCompileExec3398180396.dir/build
make[2]: entrant dans le répertoire « /home/neo/catkin_ws/src/face_recognition/build/CMakeFiles/CMakeTmp »
/usr/bin/cmake -E cmake_progress_report /home/neo/catkin_ws/src/face_recognition/build/CMakeFiles/CMakeTmp/CMakeFiles 1
Building C object CMakeFiles/cmTryCompileExec3398180396.dir/CheckFunctionExists.c.o
/usr/bin/cc   -DCHECK_FUNCTION_EXISTS=pthread_create   -o CMakeFiles/cmTryCompileExec3398180396.dir/CheckFunctionExists.c.o   -c /usr/share/cmake-2.8/Modules/CheckFunctionExists.c
Linking C executable cmTryCompileExec3398180396
/usr/bin/cmake -E cmake_link_script CMakeFiles/cmTryCompileExec3398180396.dir/link.txt --verbose=1
/usr/bin/cc   -DCHECK_FUNCTION_EXISTS=pthread_create    CMakeFiles/cmTryCompileExec3398180396.dir/CheckFunctionExists.c.o  -o cmTryCompileExec3398180396 -rdynamic -lpthreads 
/usr/bin/ld: ne peut trouver -lpthreads
collect2: error: ld returned 1 exit status
make[2]: *** [cmTryCompileExec3398180396] Erreur 1
make[2]: quittant le répertoire « /home/neo/catkin_ws/src/face_recognition/build/CMakeFiles/CMakeTmp »
make[1]: *** [cmTryCompileExec3398180396/fast] Erreur 2
make[1]: quittant le répertoire « /home/neo/catkin_ws/src/face_recognition/build/CMakeFiles/CMakeTmp »


